# JRE version: OpenJDK Runtime Environment (11.0.12+7) (build 11.0.12+7-b1504.28-7817840)
# Java VM: OpenJDK 64-Bit Server VM (11.0.12+7-b1504.28-7817840, mixed mode, tiered, compressed oops, g1 gc, windows-amd64)
Heap:
 garbage-first heap   total 1150976K, used 170288K [0x0000000080000000, 0x0000000100000000)
  region size 1024K, 7 young (7168K), 7 survivors (7168K)
 Metaspace       used 103174K, capacity 106147K, committed 106312K, reserved 1140736K
  class space    used 13344K, capacity 14488K, committed 14540K, reserved 1048576K
GC Heap History (20 events):
Event: 82.637 GC heap after
{Heap after GC invocations=93 (full 0):
 garbage-first heap   total 519168K, used 155580K [0x0000000080000000, 0x0000000100000000)
  region size 1024K, 5 young (5120K), 5 survivors (5120K)
 Metaspace       used 103115K, capacity 105991K, committed 106056K, reserved 1140736K
  class space    used 13338K, capacity 14479K, committed 14540K, reserved 1048576K
}
Event: 82.756 GC heap before
{Heap before GC invocations=93 (full 0):
 garbage-first heap   total 519168K, used 176060K [0x0000000080000000, 0x0000000100000000)
  region size 1024K, 25 young (25600K), 5 survivors (5120K)
 Metaspace       used 103121K, capacity 105994K, committed 106056K, reserved 1140736K
  class space    used 13339K, capacity 14480K, committed 14540K, reserved 1048576K
}
Event: 82.779 GC heap after
{Heap after GC invocations=94 (full 0):
 garbage-first heap   total 519168K, used 159744K [0x0000000080000000, 0x0000000100000000)
  region size 1024K, 4 young (4096K), 4 survivors (4096K)
 Metaspace       used 103121K, capacity 105994K, committed 106056K, reserved 1140736K
  class space    used 13339K, capacity 14480K, committed 14540K, reserved 1048576K
}
Event: 82.907 GC heap before
{Heap before GC invocations=94 (full 0):
 garbage-first heap   total 519168K, used 181248K [0x0000000080000000, 0x0000000100000000)
  region size 1024K, 25 young (25600K), 4 survivors (4096K)
 Metaspace       used 103121K, capacity 105994K, committed 106056K, reserved 1140736K
  class space    used 13339K, capacity 14480K, committed 14540K, reserved 1048576K
}
Event: 82.926 GC heap after
{Heap after GC invocations=95 (full 0):
 garbage-first heap   total 519168K, used 163147K [0x0000000080000000, 0x0000000100000000)
  region size 1024K, 3 young (3072K), 3 survivors (3072K)
 Metaspace       used 103121K, capacity 105994K, committed 106056K, reserved 1140736K
  class space    used 13339K, capacity 14480K, committed 14540K, reserved 1048576K
}
Event: 83.084 GC heap before
{Heap before GC invocations=95 (full 0):
 garbage-first heap   total 519168K, used 185675K [0x0000000080000000, 0x0000000100000000)
  region size 1024K, 25 young (25600K), 3 survivors (3072K)
 Metaspace       used 103133K, capacity 105997K, committed 106056K, reserved 1140736K
  class space    used 13340K, capacity 14481K, committed 14540K, reserved 1048576K
}
Event: 83.093 GC heap after
{Heap after GC invocations=96 (full 0):
 garbage-first heap   total 519168K, used 164159K [0x0000000080000000, 0x0000000100000000)
  region size 1024K, 1 young (1024K), 1 survivors (1024K)
 Metaspace       used 103133K, capacity 105997K, committed 106056K, reserved 1140736K
  class space    used 13340K, capacity 14481K, committed 14540K, reserved 1048576K
}
Event: 83.341 GC heap before
{Heap before GC invocations=96 (full 0):
 garbage-first heap   total 519168K, used 189759K [0x0000000080000000, 0x0000000100000000)
  region size 1024K, 27 young (27648K), 1 survivors (1024K)
 Metaspace       used 103135K, capacity 105997K, committed 106056K, reserved 1140736K
  class space    used 13340K, capacity 14481K, committed 14540K, reserved 1048576K
}
Event: 83.398 GC heap after
{Heap after GC invocations=97 (full 0):
 garbage-first heap   total 519168K, used 163971K [0x0000000080000000, 0x0000000100000000)
  region size 1024K, 1 young (1024K), 1 survivors (1024K)
 Metaspace       used 103135K, capacity 105997K, committed 106056K, reserved 1140736K
  class space    used 13340K, capacity 14481K, committed 14540K, reserved 1048576K
}
Event: 83.719 GC heap before
{Heap before GC invocations=97 (full 0):
 garbage-first heap   total 519168K, used 195715K [0x0000000080000000, 0x0000000100000000)
  region size 1024K, 32 young (32768K), 1 survivors (1024K)
 Metaspace       used 103136K, capacity 105997K, committed 106056K, reserved 1140736K
  class space    used 13340K, capacity 14481K, committed 14540K, reserved 1048576K
}
Event: 83.722 GC heap after
{Heap after GC invocations=98 (full 0):
 garbage-first heap   total 519168K, used 164152K [0x0000000080000000, 0x0000000100000000)
  region size 1024K, 1 young (1024K), 1 survivors (1024K)
 Metaspace       used 103136K, capacity 105997K, committed 106056K, reserved 1140736K
  class space    used 13340K, capacity 14481K, committed 14540K, reserved 1048576K
}
Event: 83.921 GC heap before
{Heap before GC invocations=98 (full 0):
 garbage-first heap   total 519168K, used 206136K [0x0000000080000000, 0x0000000100000000)
  region size 1024K, 42 young (43008K), 1 survivors (1024K)
 Metaspace       used 103141K, capacity 105998K, committed 106312K, reserved 1140736K
  class space    used 13340K, capacity 14481K, committed 14540K, reserved 1048576K
}
Event: 83.927 GC heap after
{Heap after GC invocations=99 (full 0):
 garbage-first heap   total 519168K, used 165595K [0x0000000080000000, 0x0000000100000000)
  region size 1024K, 3 young (3072K), 3 survivors (3072K)
 Metaspace       used 103141K, capacity 105998K, committed 106312K, reserved 1140736K
  class space    used 13340K, capacity 14481K, committed 14540K, reserved 1048576K
}
Event: 84.162 GC heap before
{Heap before GC invocations=99 (full 0):
 garbage-first heap   total 519168K, used 218843K [0x0000000080000000, 0x0000000100000000)
  region size 1024K, 55 young (56320K), 3 survivors (3072K)
 Metaspace       used 103142K, capacity 105998K, committed 106312K, reserved 1140736K
  class space    used 13340K, capacity 14481K, committed 14540K, reserved 1048576K
}
Event: 84.171 GC heap after
{Heap after GC invocations=100 (full 0):
 garbage-first heap   total 519168K, used 165535K [0x0000000080000000, 0x0000000100000000)
  region size 1024K, 2 young (2048K), 2 survivors (2048K)
 Metaspace       used 103142K, capacity 105998K, committed 106312K, reserved 1140736K
  class space    used 13340K, capacity 14481K, committed 14540K, reserved 1048576K
}
Event: 84.647 GC heap before
{Heap before GC invocations=100 (full 0):
 garbage-first heap   total 519168K, used 238239K [0x0000000080000000, 0x0000000100000000)
  region size 1024K, 73 young (74752K), 2 survivors (2048K)
 Metaspace       used 103152K, capacity 106068K, committed 106312K, reserved 1140736K
  class space    used 13341K, capacity 14483K, committed 14540K, reserved 1048576K
}
Event: 84.653 GC heap after
{Heap after GC invocations=101 (full 0):
 garbage-first heap   total 519168K, used 164968K [0x0000000080000000, 0x0000000100000000)
  region size 1024K, 2 young (2048K), 2 survivors (2048K)
 Metaspace       used 103152K, capacity 106068K, committed 106312K, reserved 1140736K
  class space    used 13341K, capacity 14483K, committed 14540K, reserved 1048576K
}
Event: 85.314 GC heap before
{Heap before GC invocations=101 (full 0):
 garbage-first heap   total 519168K, used 259176K [0x0000000080000000, 0x0000000100000000)
  region size 1024K, 94 young (96256K), 2 survivors (2048K)
 Metaspace       used 103169K, capacity 106083K, committed 106312K, reserved 1140736K
  class space    used 13344K, capacity 14488K, committed 14540K, reserved 1048576K
}
Event: 85.323 GC heap after
{Heap after GC invocations=102 (full 0):
 garbage-first heap   total 519168K, used 165463K [0x0000000080000000, 0x0000000100000000)
  region size 1024K, 2 young (2048K), 2 survivors (2048K)
 Metaspace       used 103169K, capacity 106083K, committed 106312K, reserved 1140736K
  class space    used 13344K, capacity 14488K, committed 14540K, reserved 1048576K
}
Event: 86.100 GC heap before
{Heap before GC invocations=102 (full 0):
 garbage-first heap   total 519168K, used 286295K [0x0000000080000000, 0x0000000100000000)
  region size 1024K, 121 young (123904K), 2 survivors (2048K)
 Metaspace       used 103174K, capacity 106147K, committed 106312K, reserved 1140736K
  class space    used 13344K, capacity 14488K, committed 14540K, reserved 1048576K
}

