# JRE version: OpenJDK Runtime Environment (11.0.12+7) (build 11.0.12+7-b1504.28-7817840)
# Java VM: OpenJDK 64-Bit Server VM (11.0.12+7-b1504.28-7817840, mixed mode, tiered, compressed oops, g1 gc, windows-amd64)
Heap:
 garbage-first heap   total 576512K, used 136974K [0x0000000080000000, 0x0000000100000000)
  region size 1024K, 2 young (2048K), 2 survivors (2048K)
 Metaspace       used 114784K, capacity 117890K, committed 118016K, reserved 1150976K
  class space    used 14383K, capacity 15583K, committed 15616K, reserved 1048576K
GC Heap History (20 events):
Event: 198.285 GC heap after
{Heap after GC invocations=107 (full 0):
 garbage-first heap   total 236544K, used 130230K [0x0000000080000000, 0x0000000100000000)
  region size 1024K, 4 young (4096K), 4 survivors (4096K)
 Metaspace       used 114377K, capacity 117447K, committed 117760K, reserved 1150976K
  class space    used 14369K, capacity 15558K, committed 15616K, reserved 1048576K
}
Event: 198.665 GC heap before
{Heap before GC invocations=107 (full 0):
 garbage-first heap   total 236544K, used 198838K [0x0000000080000000, 0x0000000100000000)
  region size 1024K, 71 young (72704K), 4 survivors (4096K)
 Metaspace       used 114415K, capacity 117532K, committed 117760K, reserved 1150976K
  class space    used 14372K, capacity 15565K, committed 15616K, reserved 1048576K
}
Event: 198.678 GC heap after
{Heap after GC invocations=108 (full 0):
 garbage-first heap   total 236544K, used 130143K [0x0000000080000000, 0x0000000100000000)
  region size 1024K, 4 young (4096K), 4 survivors (4096K)
 Metaspace       used 114415K, capacity 117532K, committed 117760K, reserved 1150976K
  class space    used 14372K, capacity 15565K, committed 15616K, reserved 1048576K
}
Event: 199.069 GC heap before
{Heap before GC invocations=108 (full 0):
 garbage-first heap   total 236544K, used 199775K [0x0000000080000000, 0x0000000100000000)
  region size 1024K, 72 young (73728K), 4 survivors (4096K)
 Metaspace       used 114436K, capacity 117532K, committed 117760K, reserved 1150976K
  class space    used 14373K, capacity 15565K, committed 15616K, reserved 1048576K
}
Event: 199.088 GC heap after
{Heap after GC invocations=109 (full 0):
 garbage-first heap   total 284672K, used 130450K [0x0000000080000000, 0x0000000100000000)
  region size 1024K, 4 young (4096K), 4 survivors (4096K)
 Metaspace       used 114436K, capacity 117532K, committed 117760K, reserved 1150976K
  class space    used 14373K, capacity 15565K, committed 15616K, reserved 1048576K
}
Event: 199.630 GC heap before
{Heap before GC invocations=109 (full 0):
 garbage-first heap   total 284672K, used 225682K [0x0000000080000000, 0x0000000100000000)
  region size 1024K, 97 young (99328K), 4 survivors (4096K)
 Metaspace       used 114462K, capacity 117532K, committed 117760K, reserved 1150976K
  class space    used 14373K, capacity 15565K, committed 15616K, reserved 1048576K
}
Event: 199.642 GC heap after
{Heap after GC invocations=110 (full 0):
 garbage-first heap   total 284672K, used 131014K [0x0000000080000000, 0x0000000100000000)
  region size 1024K, 5 young (5120K), 5 survivors (5120K)
 Metaspace       used 114462K, capacity 117532K, committed 117760K, reserved 1150976K
  class space    used 14373K, capacity 15565K, committed 15616K, reserved 1048576K
}
Event: 200.125 GC heap before
{Heap before GC invocations=110 (full 0):
 garbage-first heap   total 284672K, used 228294K [0x0000000080000000, 0x0000000100000000)
  region size 1024K, 100 young (102400K), 5 survivors (5120K)
 Metaspace       used 114470K, capacity 117533K, committed 117760K, reserved 1150976K
  class space    used 14373K, capacity 15565K, committed 15616K, reserved 1048576K
}
Event: 200.143 GC heap after
{Heap after GC invocations=111 (full 0):
 garbage-first heap   total 284672K, used 131437K [0x0000000080000000, 0x0000000100000000)
  region size 1024K, 5 young (5120K), 5 survivors (5120K)
 Metaspace       used 114470K, capacity 117533K, committed 117760K, reserved 1150976K
  class space    used 14373K, capacity 15565K, committed 15616K, reserved 1048576K
}
Event: 200.688 GC heap before
{Heap before GC invocations=111 (full 0):
 garbage-first heap   total 284672K, used 231789K [0x0000000080000000, 0x0000000100000000)
  region size 1024K, 103 young (105472K), 5 survivors (5120K)
 Metaspace       used 114483K, capacity 117598K, committed 117760K, reserved 1150976K
  class space    used 14373K, capacity 15565K, committed 15616K, reserved 1048576K
}
Event: 200.703 GC heap after
{Heap after GC invocations=112 (full 0):
 garbage-first heap   total 284672K, used 131906K [0x0000000080000000, 0x0000000100000000)
  region size 1024K, 6 young (6144K), 6 survivors (6144K)
 Metaspace       used 114483K, capacity 117598K, committed 117760K, reserved 1150976K
  class space    used 14373K, capacity 15565K, committed 15616K, reserved 1048576K
}
Event: 201.248 GC heap before
{Heap before GC invocations=112 (full 0):
 garbage-first heap   total 284672K, used 234306K [0x0000000080000000, 0x0000000100000000)
  region size 1024K, 106 young (108544K), 6 survivors (6144K)
 Metaspace       used 114502K, capacity 117601K, committed 117760K, reserved 1150976K
  class space    used 14374K, capacity 15566K, committed 15616K, reserved 1048576K
}
Event: 201.269 GC heap after
{Heap after GC invocations=113 (full 0):
 garbage-first heap   total 342016K, used 132657K [0x0000000080000000, 0x0000000100000000)
  region size 1024K, 6 young (6144K), 6 survivors (6144K)
 Metaspace       used 114502K, capacity 117601K, committed 117760K, reserved 1150976K
  class space    used 14374K, capacity 15566K, committed 15616K, reserved 1048576K
}
Event: 202.072 GC heap before
{Heap before GC invocations=113 (full 0):
 garbage-first heap   total 342016K, used 269873K [0x0000000080000000, 0x0000000100000000)
  region size 1024K, 140 young (143360K), 6 survivors (6144K)
 Metaspace       used 114506K, capacity 117601K, committed 117760K, reserved 1150976K
  class space    used 14374K, capacity 15566K, committed 15616K, reserved 1048576K
}
Event: 202.171 GC heap after
{Heap after GC invocations=114 (full 0):
 garbage-first heap   total 342016K, used 133238K [0x0000000080000000, 0x0000000100000000)
  region size 1024K, 7 young (7168K), 7 survivors (7168K)
 Metaspace       used 114506K, capacity 117601K, committed 117760K, reserved 1150976K
  class space    used 14374K, capacity 15566K, committed 15616K, reserved 1048576K
}
Event: 203.144 GC heap before
{Heap before GC invocations=114 (full 0):
 garbage-first heap   total 342016K, used 277622K [0x0000000080000000, 0x0000000100000000)
  region size 1024K, 148 young (151552K), 7 survivors (7168K)
 Metaspace       used 114540K, capacity 117633K, committed 117760K, reserved 1150976K
  class space    used 14380K, capacity 15577K, committed 15616K, reserved 1048576K
}
Event: 203.163 GC heap after
{Heap after GC invocations=115 (full 0):
 garbage-first heap   total 342016K, used 133590K [0x0000000080000000, 0x0000000100000000)
  region size 1024K, 7 young (7168K), 7 survivors (7168K)
 Metaspace       used 114540K, capacity 117633K, committed 117760K, reserved 1150976K
  class space    used 14380K, capacity 15577K, committed 15616K, reserved 1048576K
}
Event: 204.192 GC heap before
{Heap before GC invocations=115 (full 0):
 garbage-first heap   total 342016K, used 291286K [0x0000000080000000, 0x0000000100000000)
  region size 1024K, 161 young (164864K), 7 survivors (7168K)
 Metaspace       used 114784K, capacity 117890K, committed 118016K, reserved 1150976K
  class space    used 14383K, capacity 15583K, committed 15616K, reserved 1048576K
}
Event: 204.218 GC heap after
{Heap after GC invocations=116 (full 0):
 garbage-first heap   total 342016K, used 135749K [0x0000000080000000, 0x0000000100000000)
  region size 1024K, 9 young (9216K), 9 survivors (9216K)
 Metaspace       used 114784K, capacity 117890K, committed 118016K, reserved 1150976K
  class space    used 14383K, capacity 15583K, committed 15616K, reserved 1048576K
}
Event: 204.258 GC heap before
{Heap before GC invocations=116 (full 0):
 garbage-first heap   total 342016K, used 141893K [0x0000000080000000, 0x0000000100000000)
  region size 1024K, 16 young (16384K), 9 survivors (9216K)
 Metaspace       used 114784K, capacity 117890K, committed 118016K, reserved 1150976K
  class space    used 14383K, capacity 15583K, committed 15616K, reserved 1048576K
}

